<?xml version="1.0" encoding="UTF-8"?>
<!-- Generated by org.testng.reporters.JUnitReportReporter -->
<testsuite hostname="WDFV41003660D" failures="0" tests="1" name="org.SeleniumTestNG.NewTest11" time="0.009" errors="0" timestamp="2022-01-25T20:50:00 IST" skipped="0">
  <testcase classname="org.SeleniumTestNG.NewTest11" name="f" time="0.009"/>
  <system-out/>
</testsuite> <!-- org.SeleniumTestNG.NewTest11 -->
