<?xml version="1.0" encoding="UTF-8"?>
<!-- Generated by org.testng.reporters.JUnitReportReporter -->
<testsuite hostname="WDFV41003660D" failures="0" tests="1" name="org.SeleniumTestNG.NewTestNG2" time="0.008" errors="0" timestamp="2022-01-28T18:51:06 IST" skipped="0">
  <testcase classname="org.SeleniumTestNG.NewTestNG2" name="f" time="0.008"/>
  <system-out/>
</testsuite> <!-- org.SeleniumTestNG.NewTestNG2 -->
