<?xml version="1.0" encoding="UTF-8"?>
<!-- Generated by org.testng.reporters.JUnitReportReporter -->
<testsuite hostname="WDFV41003660D" failures="0" tests="1" name="org.TestNG.NewTestNG" time="0.008" errors="0" timestamp="2022-01-15T15:29:43 IST" skipped="0">
  <testcase classname="org.TestNG.NewTestNG" name="f" time="0.008"/>
  <system-out/>
</testsuite> <!-- org.TestNG.NewTestNG -->
